<?xml version="1.0" encoding="UTF-8"?>
<!-- Generated by org.testng.reporters.JUnitReportReporter -->
<testsuite hostname="DESKTOP-09QOKP7" failures="0" tests="2" name="tests.Testing2" time="0.008" errors="0" timestamp="07 Jan. 2023 19:55:09 GMT" skipped="0">
  <testcase classname="tests.Testing2" name="test4" time="0.002"/>
  <testcase classname="tests.Testing2" name="test5" time="0.006"/>
</testsuite> <!-- tests.Testing2 -->
