<?xml version="1.0" encoding="UTF-8"?>
<!-- Generated by org.testng.reporters.JUnitReportReporter -->
<testsuite hostname="DESKTOP-09QOKP7" failures="0" tests="5" name="tests.Testing1" time="0.007" errors="0" timestamp="07 Jan. 2023 20:09:56 GMT" skipped="0">
  <testcase classname="tests.Testing1" name="test1" time="0.003"/>
  <testcase classname="tests.Testing1" name="test3" time="0.000"/>
  <testcase classname="tests.Testing1" name="test2" time="0.001"/>
  <testcase classname="tests.Testing1" name="abc" time="0.003"/>
  <testcase classname="tests.Testing1" name="abc" time="0.000"/>
</testsuite> <!-- tests.Testing1 -->
